<?xml version="1.0" encoding="UTF-8"?>
<!-- Generated by org.testng.reporters.JUnitReportReporter -->
<testsuite skipped="0" hostname="User-PC" name="org.test.Test1" tests="3" failures="0" timestamp="23 Jun 2022 03:56:25 GMT" time="0.012" errors="0">
  <testcase name="tc1" time="0.009" classname="org.test.Test1"/>
  <testcase name="tc2" time="0.001" classname="org.test.Test1"/>
  <testcase name="tc3" time="0.002" classname="org.test.Test1"/>
</testsuite> <!-- org.test.Test1 -->
